<?xml version="1.0" encoding="UTF-8"?>
<!-- Generated by org.testng.reporters.JUnitXMLReporter -->
<testsuite ignored="0" hostname="Gigin" failures="0" tests="5" name="Default test" time="50.42" errors="0" timestamp="2024-06-08T13:11:59 IST">
  <testcase classname="merinnewproject.Project" name="flowtest" time="2.149"/>
  <testcase classname="merinnewproject.Project" name="test" time="4.538"/>
  <testcase classname="merinnewproject.Project" name="test1" time="12.158"/>
  <testcase classname="merinnewproject.Project" name="testflow" time="1.686"/>
  <testcase classname="merinnewproject.Project" name="verification" time="2.536"/>
</testsuite> <!-- Default test -->
