<?xml version="1.0" encoding="UTF-8"?>
<testng-results ignored="0" total="5" passed="5" failed="0" skipped="0">
  <reporter-output>
  </reporter-output>
  <suite started-at="2024-06-08T13:11:09 IST" name="Default suite" finished-at="2024-06-08T13:11:59 IST" duration-ms="50420">
    <groups>
    </groups>
    <test started-at="2024-06-08T13:11:09 IST" name="Default test" finished-at="2024-06-08T13:11:59 IST" duration-ms="50420">
      <class name="merinnewproject.Project">
        <test-method is-config="true" signature="setup()[pri:0, instance:merinnewproject.Project@1151e434]" started-at="2024-06-08T13:11:09 IST" name="setup" finished-at="2024-06-08T13:11:14 IST" duration-ms="5740" status="PASS">
          <reporter-output>
          </reporter-output>
        </test-method> <!-- setup -->
        <test-method signature="flowtest()[pri:0, instance:merinnewproject.Project@1151e434]" started-at="2024-06-08T13:11:14 IST" name="flowtest" finished-at="2024-06-08T13:11:17 IST" duration-ms="2149" status="PASS">
          <reporter-output>
          </reporter-output>
        </test-method> <!-- flowtest -->
        <test-method is-config="true" signature="teardown()[pri:0, instance:merinnewproject.Project@1151e434]" started-at="2024-06-08T13:11:17 IST" name="teardown" finished-at="2024-06-08T13:11:17 IST" duration-ms="780" status="PASS">
          <reporter-output>
          </reporter-output>
        </test-method> <!-- teardown -->
        <test-method is-config="true" signature="setup()[pri:0, instance:merinnewproject.Project@1151e434]" started-at="2024-06-08T13:11:17 IST" name="setup" finished-at="2024-06-08T13:11:22 IST" duration-ms="4747" status="PASS">
          <reporter-output>
          </reporter-output>
        </test-method> <!-- setup -->
        <test-method signature="test()[pri:0, instance:merinnewproject.Project@1151e434]" started-at="2024-06-08T13:11:22 IST" name="test" finished-at="2024-06-08T13:11:27 IST" duration-ms="4538" status="PASS">
          <reporter-output>
          </reporter-output>
        </test-method> <!-- test -->
        <test-method is-config="true" signature="teardown()[pri:0, instance:merinnewproject.Project@1151e434]" started-at="2024-06-08T13:11:27 IST" name="teardown" finished-at="2024-06-08T13:11:27 IST" duration-ms="247" status="PASS">
          <reporter-output>
          </reporter-output>
        </test-method> <!-- teardown -->
        <test-method is-config="true" signature="setup()[pri:0, instance:merinnewproject.Project@1151e434]" started-at="2024-06-08T13:11:27 IST" name="setup" finished-at="2024-06-08T13:11:32 IST" duration-ms="4887" status="PASS">
          <reporter-output>
          </reporter-output>
        </test-method> <!-- setup -->
        <test-method signature="test1()[pri:0, instance:merinnewproject.Project@1151e434]" started-at="2024-06-08T13:11:32 IST" name="test1" finished-at="2024-06-08T13:11:44 IST" duration-ms="12158" status="PASS">
          <reporter-output>
          </reporter-output>
        </test-method> <!-- test1 -->
        <test-method is-config="true" signature="teardown()[pri:0, instance:merinnewproject.Project@1151e434]" started-at="2024-06-08T13:11:44 IST" name="teardown" finished-at="2024-06-08T13:11:44 IST" duration-ms="182" status="PASS">
          <reporter-output>
          </reporter-output>
        </test-method> <!-- teardown -->
        <test-method is-config="true" signature="setup()[pri:0, instance:merinnewproject.Project@1151e434]" started-at="2024-06-08T13:11:44 IST" name="setup" finished-at="2024-06-08T13:11:49 IST" duration-ms="5085" status="PASS">
          <reporter-output>
          </reporter-output>
        </test-method> <!-- setup -->
        <test-method signature="testflow()[pri:0, instance:merinnewproject.Project@1151e434]" started-at="2024-06-08T13:11:49 IST" name="testflow" finished-at="2024-06-08T13:11:51 IST" duration-ms="1686" status="PASS">
          <reporter-output>
          </reporter-output>
        </test-method> <!-- testflow -->
        <test-method is-config="true" signature="teardown()[pri:0, instance:merinnewproject.Project@1151e434]" started-at="2024-06-08T13:11:51 IST" name="teardown" finished-at="2024-06-08T13:11:51 IST" duration-ms="344" status="PASS">
          <reporter-output>
          </reporter-output>
        </test-method> <!-- teardown -->
        <test-method is-config="true" signature="setup()[pri:0, instance:merinnewproject.Project@1151e434]" started-at="2024-06-08T13:11:51 IST" name="setup" finished-at="2024-06-08T13:11:56 IST" duration-ms="4970" status="PASS">
          <reporter-output>
          </reporter-output>
        </test-method> <!-- setup -->
        <test-method signature="verification()[pri:0, instance:merinnewproject.Project@1151e434]" started-at="2024-06-08T13:11:56 IST" name="verification" finished-at="2024-06-08T13:11:59 IST" duration-ms="2536" status="PASS">
          <reporter-output>
          </reporter-output>
        </test-method> <!-- verification -->
        <test-method is-config="true" signature="teardown()[pri:0, instance:merinnewproject.Project@1151e434]" started-at="2024-06-08T13:11:59 IST" name="teardown" finished-at="2024-06-08T13:11:59 IST" duration-ms="265" status="PASS">
          <reporter-output>
          </reporter-output>
        </test-method> <!-- teardown -->
      </class> <!-- merinnewproject.Project -->
    </test> <!-- Default test -->
  </suite> <!-- Default suite -->
</testng-results>
